  Richtmyer_multi_step.cpp
  MathFunctions.cpp
  Matrix.cpp
  main.cpp
  Lax_Wendroff.cpp
  ImplicitUpwindScheme.cpp
  GeneralScheme.cpp
c:\users\domowy\desktop\dokumenty wiktora\v rok\computional methods\assignment code wbednarek\computational-methods\computational methods_bednarek\generalscheme.cpp(19): warning C4244: 'initializing': conversion from 'double' to 'int', possible loss of data
c:\users\domowy\desktop\dokumenty wiktora\v rok\computional methods\assignment code wbednarek\computational-methods\computational methods_bednarek\generalscheme.cpp(23): warning C4244: '=': conversion from 'double' to 'int', possible loss of data
c:\users\domowy\desktop\dokumenty wiktora\v rok\computional methods\assignment code wbednarek\computational-methods\computational methods_bednarek\generalscheme.cpp(25): warning C4244: 'argument': conversion from 'double' to 'int', possible loss of data
c:\users\domowy\desktop\dokumenty wiktora\v rok\computional methods\assignment code wbednarek\computational-methods\computational methods_bednarek\generalscheme.cpp(94): warning C4018: '<': signed/unsigned mismatch
c:\users\domowy\desktop\dokumenty wiktora\v rok\computional methods\assignment code wbednarek\computational-methods\computational methods_bednarek\generalscheme.cpp(114): warning C4018: '<': signed/unsigned mismatch
  ExplicitUpwindScheme.cpp
  Display.cpp
  Generating Code...
c:\users\domowy\desktop\dokumenty wiktora\v rok\computional methods\assignment code wbednarek\computational-methods\computational methods_bednarek\display.cpp(31): warning C4715: 'display::getInitialBoundaryConditionName': not all control paths return a value
c:\users\domowy\desktop\dokumenty wiktora\v rok\computional methods\assignment code wbednarek\computational-methods\computational methods_bednarek\generalscheme.cpp(61): warning C4715: 'GeneralScheme::initializationFunction': not all control paths return a value
c:\users\domowy\desktop\dokumenty wiktora\v rok\computional methods\assignment code wbednarek\computational-methods\computational methods_bednarek\generalscheme.cpp(76): warning C4715: 'GeneralScheme::solutionFunctionAnalytical': not all control paths return a value
c:\users\domowy\desktop\dokumenty wiktora\v rok\computional methods\assignment code wbednarek\computational-methods\computational methods_bednarek\matrix.cpp(65): warning C4172: returning address of local variable or temporary: tmp
c:\users\domowy\desktop\dokumenty wiktora\v rok\computional methods\assignment code wbednarek\computational-methods\computational methods_bednarek\matrix.cpp(78): warning C4172: returning address of local variable or temporary: tmp
  Computational Methods_Bednarek.vcxproj -> C:\Users\Domowy\Desktop\Dokumenty Wiktora\V rok\Computional Methods\Assignment Code WBednarek\Computational-Methods\Debug\Computational Methods_Bednarek.exe
  Computational Methods_Bednarek.vcxproj -> C:\Users\Domowy\Desktop\Dokumenty Wiktora\V rok\Computional Methods\Assignment Code WBednarek\Computational-Methods\Debug\Computational Methods_Bednarek.pdb (Full PDB)
