c:\users\domowy\desktop\dokumenty wiktora\v rok\computional methods\assignment code wbednarek\computational-methods\computational methods_bednarek\debug\vc140.pdb
c:\users\domowy\desktop\dokumenty wiktora\v rok\computional methods\assignment code wbednarek\computational-methods\computational methods_bednarek\debug\vc140.idb
c:\users\domowy\desktop\dokumenty wiktora\v rok\computional methods\assignment code wbednarek\computational-methods\computational methods_bednarek\debug\explicitupwindscheme.obj
c:\users\domowy\desktop\dokumenty wiktora\v rok\computional methods\assignment code wbednarek\computational-methods\computational methods_bednarek\debug\generalscheme.obj
c:\users\domowy\desktop\dokumenty wiktora\v rok\computional methods\assignment code wbednarek\computational-methods\computational methods_bednarek\debug\main.obj
c:\users\domowy\desktop\dokumenty wiktora\v rok\computional methods\assignment code wbednarek\computational-methods\computational methods_bednarek\debug\matrix.obj
c:\users\domowy\desktop\dokumenty wiktora\v rok\computional methods\assignment code wbednarek\computational-methods\computational methods_bednarek\debug\mathfunctions.obj
c:\users\domowy\desktop\dokumenty wiktora\v rok\computional methods\assignment code wbednarek\computational-methods\debug\computational methods_bednarek.pdb
c:\users\domowy\desktop\dokumenty wiktora\v rok\computional methods\assignment code wbednarek\computational-methods\computational methods_bednarek\debug\computat.bb0fe75c.tlog\cl.command.1.tlog
c:\users\domowy\desktop\dokumenty wiktora\v rok\computional methods\assignment code wbednarek\computational-methods\computational methods_bednarek\debug\computat.bb0fe75c.tlog\cl.read.1.tlog
c:\users\domowy\desktop\dokumenty wiktora\v rok\computional methods\assignment code wbednarek\computational-methods\computational methods_bednarek\debug\computat.bb0fe75c.tlog\cl.write.1.tlog
c:\users\domowy\desktop\dokumenty wiktora\v rok\computional methods\assignment code wbednarek\computational-methods\computational methods_bednarek\debug\computat.bb0fe75c.tlog\link.6924-cvtres.read.1.tlog
c:\users\domowy\desktop\dokumenty wiktora\v rok\computional methods\assignment code wbednarek\computational-methods\computational methods_bednarek\debug\computat.bb0fe75c.tlog\link.6924-cvtres.write.1.tlog
c:\users\domowy\desktop\dokumenty wiktora\v rok\computional methods\assignment code wbednarek\computational-methods\computational methods_bednarek\debug\computat.bb0fe75c.tlog\link.6924-rc.read.1.tlog
c:\users\domowy\desktop\dokumenty wiktora\v rok\computional methods\assignment code wbednarek\computational-methods\computational methods_bednarek\debug\computat.bb0fe75c.tlog\link.6924-rc.write.1.tlog
c:\users\domowy\desktop\dokumenty wiktora\v rok\computional methods\assignment code wbednarek\computational-methods\computational methods_bednarek\debug\computat.bb0fe75c.tlog\link.6924.read.1.tlog
c:\users\domowy\desktop\dokumenty wiktora\v rok\computional methods\assignment code wbednarek\computational-methods\computational methods_bednarek\debug\computat.bb0fe75c.tlog\link.6924.write.1.tlog
c:\users\domowy\desktop\dokumenty wiktora\v rok\computional methods\assignment code wbednarek\computational-methods\computational methods_bednarek\debug\computat.bb0fe75c.tlog\link.command.1.tlog
c:\users\domowy\desktop\dokumenty wiktora\v rok\computional methods\assignment code wbednarek\computational-methods\computational methods_bednarek\debug\computat.bb0fe75c.tlog\link.read.1.tlog
c:\users\domowy\desktop\dokumenty wiktora\v rok\computional methods\assignment code wbednarek\computational-methods\computational methods_bednarek\debug\computat.bb0fe75c.tlog\link.write.1.tlog
